// Created by Crowbar 0.24.0.0


  Decompiling ".\weaver.mdl"...
    Reading data...
      Checking for required files...
        Reading mdl file header...
        ...Reading mdl file header finished.
      ...All required files found.
      Reading mdl file...
      ...Reading mdl file finished.
      Reading vtx file...
      ...Reading vtx file finished.
      Reading vvd file...
      ...Reading vvd file finished.
    ...Reading data finished.
    Writing data...
      Writing qc file...
      ...Writing qc file finished.
      Writing reference and lod mesh files...
      ...Writing reference and lod mesh files finished.
      Writing vta file...
      ...Writing vta file finished.
      Writing animation ($sequence) smd files...
        Writing "@BindPose" file...
        ...Writing "@BindPose" file finished.
        Writing "@loadout_spawn" file...
        ...Writing "@loadout_spawn" file finished.
        Writing "@spawn" file...
        ...Writing "@spawn" file finished.
        Writing "@idle1" file...
        ...Writing "@idle1" file finished.
        Writing "@idle2" file...
        ...Writing "@idle2" file finished.
        Writing "@attack" file...
        ...Writing "@attack" file finished.
        Writing "@attack1" file...
        ...Writing "@attack1" file finished.
        Writing "@idle2_injured" file...
        ...Writing "@idle2_injured" file finished.
        Writing "@attack_injured" file...
        ...Writing "@attack_injured" file finished.
        Writing "@attack1_injured" file...
        ...Writing "@attack1_injured" file finished.
        Writing "@swarm" file...
        ...Writing "@swarm" file finished.
        Writing "@death" file...
        ...Writing "@death" file finished.
        Writing "@run" file...
        ...Writing "@run" file finished.
        Writing "@run_injured" file...
        ...Writing "@run_injured" file finished.
        Writing "@stun" file...
        ...Writing "@stun" file finished.
        Writing "@head_loop" file...
        ...Writing "@head_loop" file finished.
        Writing "@run_invis" file...
        ...Writing "@run_invis" file finished.
        Writing "@flail" file...
        ...Writing "@flail" file finished.
        Writing "@cast_ulti" file...
        ...Writing "@cast_ulti" file finished.
        Writing "@teleport" file...
        ...Writing "@teleport" file finished.
        Writing "@teleport_end" file...
        ...Writing "@teleport_end" file finished.
        Writing "@cast_ulti_stalker_exoskeleton" file...
        ...Writing "@cast_ulti_stalker_exoskeleton" file finished.
        Writing "@teleport_stalkers_exoskeleton" file...
        ...Writing "@teleport_stalkers_exoskeleton" file finished.
        Writing "@workshop_anim_00" file...
        ...Writing "@workshop_anim_00" file finished.
        Writing "@workshop_anim_01" file...
        ...Writing "@workshop_anim_01" file finished.
        Writing "@workshop_anim_02" file...
        ...Writing "@workshop_anim_02" file finished.
        Writing "@workshop_anim_03" file...
        ...Writing "@workshop_anim_03" file finished.
        Writing "@workshop_anim_04" file...
        ...Writing "@workshop_anim_04" file finished.
        Writing "@workshop_anim_05" file...
        ...Writing "@workshop_anim_05" file finished.
        Writing "@workshop_anim_06" file...
        ...Writing "@workshop_anim_06" file finished.
        Writing "@workshop_anim_07" file...
        ...Writing "@workshop_anim_07" file finished.
        Writing "@workshop_anim_08" file...
        ...Writing "@workshop_anim_08" file finished.
        Writing "@workshop_anim_09" file...
        ...Writing "@workshop_anim_09" file finished.
        Writing "@turns_lookFrame_0" file...
        ...Writing "@turns_lookFrame_0" file finished.
        Writing "@turns_lookFrame_1" file...
        ...Writing "@turns_lookFrame_1" file finished.
        Writing "@turns_lookFrame_2" file...
        ...Writing "@turns_lookFrame_2" file finished.
        Writing "@turns_lookFrame_0" file...
        ...Writing "@turns_lookFrame_0" file finished.
        Writing "@turns_lookFrame_1" file...
        ...Writing "@turns_lookFrame_1" file finished.
        Writing "@turns_lookFrame_2" file...
        ...Writing "@turns_lookFrame_2" file finished.
      ...Writing animation ($sequence) smd files finished.
      Writing animation ($animation) smd files...
        Writing "@BindPose" file...
        ...Writing "@BindPose" file finished.
        Writing "@loadout_spawn" file...
        ...Writing "@loadout_spawn" file finished.
        Writing "@spawn" file...
        ...Writing "@spawn" file finished.
        Writing "@idle1" file...
        ...Writing "@idle1" file finished.
        Writing "@idle2" file...
        ...Writing "@idle2" file finished.
        Writing "@attack" file...
        ...Writing "@attack" file finished.
        Writing "@attack1" file...
        ...Writing "@attack1" file finished.
        Writing "@idle2_injured" file...
        ...Writing "@idle2_injured" file finished.
        Writing "@attack_injured" file...
        ...Writing "@attack_injured" file finished.
        Writing "@attack1_injured" file...
        ...Writing "@attack1_injured" file finished.
        Writing "@swarm" file...
        ...Writing "@swarm" file finished.
        Writing "@death" file...
        ...Writing "@death" file finished.
        Writing "@run" file...
        ...Writing "@run" file finished.
        Writing "@run_injured" file...
        ...Writing "@run_injured" file finished.
        Writing "@stun" file...
        ...Writing "@stun" file finished.
        Writing "@head_loop" file...
        ...Writing "@head_loop" file finished.
        Writing "@run_invis" file...
        ...Writing "@run_invis" file finished.
        Writing "@flail" file...
        ...Writing "@flail" file finished.
        Writing "@cast_ulti" file...
        ...Writing "@cast_ulti" file finished.
        Writing "@teleport" file...
        ...Writing "@teleport" file finished.
        Writing "@teleport_end" file...
        ...Writing "@teleport_end" file finished.
        Writing "@cast_ulti_stalker_exoskeleton" file...
        ...Writing "@cast_ulti_stalker_exoskeleton" file finished.
        Writing "@teleport_stalkers_exoskeleton" file...
        ...Writing "@teleport_stalkers_exoskeleton" file finished.
        Writing "@workshop_anim_00" file...
        ...Writing "@workshop_anim_00" file finished.
        Writing "@workshop_anim_01" file...
        ...Writing "@workshop_anim_01" file finished.
        Writing "@workshop_anim_02" file...
        ...Writing "@workshop_anim_02" file finished.
        Writing "@workshop_anim_03" file...
        ...Writing "@workshop_anim_03" file finished.
        Writing "@workshop_anim_04" file...
        ...Writing "@workshop_anim_04" file finished.
        Writing "@workshop_anim_05" file...
        ...Writing "@workshop_anim_05" file finished.
        Writing "@workshop_anim_06" file...
        ...Writing "@workshop_anim_06" file finished.
        Writing "@workshop_anim_07" file...
        ...Writing "@workshop_anim_07" file finished.
        Writing "@workshop_anim_08" file...
        ...Writing "@workshop_anim_08" file finished.
        Writing "@workshop_anim_09" file...
        ...Writing "@workshop_anim_09" file finished.
        Writing "@turns_lookFrame_0" file...
        ...Writing "@turns_lookFrame_0" file finished.
        Writing "@turns_lookFrame_1" file...
        ...Writing "@turns_lookFrame_1" file finished.
        Writing "@turns_lookFrame_2" file...
        ...Writing "@turns_lookFrame_2" file finished.
      ...Writing animation ($animation) smd files finished.
    ...Writing data finished.
  ...Decompiling ".\weaver.mdl" finished.
